#Command-line arguments:  ../reprompi/bin/mpibenchmark --calls-list=MPI_Bcast,MPI_Alltoall,MPI_Allreduce --msizes-list=8,1024,2048 --nrep=50
#MPI calls:
#	MPI_Bcast
#	MPI_Alltoall
#	MPI_Allreduce
#Message sizes:
#	8
#	1024
#	2048
#@operation=MPI_BOR
#@datatype=MPI_BYTE
#@datatype_extent_bytes=1
#@datatype_size_bytes=1
#@root_proc=0
#@reproMPIcommitSHA1=00325471f9a39c5ffc35796f360fb02838cbef84
#@nprocs=6
#@clocktype=local
#@clock=MPI_Wtime
#@sync=MPI_Barrier
#@nrep=50
                                              test       nrep        count    runtime_sec 
                                         MPI_Bcast          0            8   0.0000056610
                                         MPI_Bcast          1            8   0.0000031660
                                         MPI_Bcast          2            8   0.0000044280
                                         MPI_Bcast          3            8   0.0000028460
                                         MPI_Bcast          4            8   0.0000023950
                                         MPI_Bcast          5            8   0.0000037770
                                         MPI_Bcast          6            8   0.0000126640
                                         MPI_Bcast          7            8   0.0000018630
                                         MPI_Bcast          8            8   0.0000017940
                                         MPI_Bcast          9            8   0.0000019930
                                         MPI_Bcast         10            8   0.0000025650
                                         MPI_Bcast         11            8   0.0000021940
                                         MPI_Bcast         12            8   0.0000022450
                                         MPI_Bcast         13            8   0.0000020140
                                         MPI_Bcast         14            8   0.0000025740
                                         MPI_Bcast         15            8   0.0000014630
                                         MPI_Bcast         16            8   0.0000016730
                                         MPI_Bcast         17            8   0.0000016230
                                         MPI_Bcast         18            8   0.0000016430
                                         MPI_Bcast         19            8   0.0000019440
                                         MPI_Bcast         20            8   0.0000015030
                                         MPI_Bcast         21            8   0.0000017940
                                         MPI_Bcast         22            8   0.0000016530
                                         MPI_Bcast         23            8   0.0000016430
                                         MPI_Bcast         24            8   0.0000013730
                                         MPI_Bcast         25            8   0.0000016440
                                         MPI_Bcast         26            8   0.0000017130
                                         MPI_Bcast         27            8   0.0000017330
                                         MPI_Bcast         28            8   0.0000014230
                                         MPI_Bcast         29            8   0.0000016430
                                         MPI_Bcast         30            8   0.0000019640
                                         MPI_Bcast         31            8   0.0000017730
                                         MPI_Bcast         32            8   0.0000013320
                                         MPI_Bcast         33            8   0.0000017230
                                         MPI_Bcast         34            8   0.0000015420
                                         MPI_Bcast         35            8   0.0000014930
                                         MPI_Bcast         36            8   0.0000017230
                                         MPI_Bcast         37            8   0.0000016230
                                         MPI_Bcast         38            8   0.0000015830
                                         MPI_Bcast         39            8   0.0000017040
                                         MPI_Bcast         40            8   0.0000015130
                                         MPI_Bcast         41            8   0.0000017040
                                         MPI_Bcast         42            8   0.0000014020
                                         MPI_Bcast         43            8   0.0000017830
                                         MPI_Bcast         44            8   0.0000016640
                                         MPI_Bcast         45            8   0.0000019640
                                         MPI_Bcast         46            8   0.0000013430
                                         MPI_Bcast         47            8   0.0000016130
                                         MPI_Bcast         48            8   0.0000016430
                                         MPI_Bcast         49            8   0.0000015330
                                      MPI_Alltoall          0            8   0.0000709150
                                      MPI_Alltoall          1            8   0.0000067130
                                      MPI_Alltoall          2            8   0.0000060720
                                      MPI_Alltoall          3            8   0.0000053910
                                      MPI_Alltoall          4            8   0.0000057110
                                      MPI_Alltoall          5            8   0.0000052390
                                      MPI_Alltoall          6            8   0.0000053400
                                      MPI_Alltoall          7            8   0.0000052600
                                      MPI_Alltoall          8            8   0.0000051000
                                      MPI_Alltoall          9            8   0.0000056210
                                      MPI_Alltoall         10            8   0.0000076850
                                      MPI_Alltoall         11            8   0.0000053400
                                      MPI_Alltoall         12            8   0.0000058010
                                      MPI_Alltoall         13            8   0.0000057710
                                      MPI_Alltoall         14            8   0.0000095780
                                      MPI_Alltoall         15            8   0.0000101190
                                      MPI_Alltoall         16            8   0.0000073040
                                      MPI_Alltoall         17            8   0.0000053300
                                      MPI_Alltoall         18            8   0.0000052600
                                      MPI_Alltoall         19            8   0.0000052700
                                      MPI_Alltoall         20            8   0.0000051400
                                      MPI_Alltoall         21            8   0.0000050900
                                      MPI_Alltoall         22            8   0.0000053300
                                      MPI_Alltoall         23            8   0.0000054300
                                      MPI_Alltoall         24            8   0.0000054200
                                      MPI_Alltoall         25            8   0.0000050490
                                      MPI_Alltoall         26            8   0.0000053900
                                      MPI_Alltoall         27            8   0.0000054200
                                      MPI_Alltoall         28            8   0.0000055800
                                      MPI_Alltoall         29            8   0.0000052400
                                      MPI_Alltoall         30            8   0.0000053100
                                      MPI_Alltoall         31            8   0.0000051600
                                      MPI_Alltoall         32            8   0.0000052500
                                      MPI_Alltoall         33            8   0.0000049790
                                      MPI_Alltoall         34            8   0.0000052400
                                      MPI_Alltoall         35            8   0.0000052200
                                      MPI_Alltoall         36            8   0.0000051500
                                      MPI_Alltoall         37            8   0.0000051400
                                      MPI_Alltoall         38            8   0.0000056210
                                      MPI_Alltoall         39            8   0.0000053900
                                      MPI_Alltoall         40            8   0.0000057210
                                      MPI_Alltoall         41            8   0.0000053300
                                      MPI_Alltoall         42            8   0.0000052300
                                      MPI_Alltoall         43            8   0.0000053210
                                      MPI_Alltoall         44            8   0.0000053600
                                      MPI_Alltoall         45            8   0.0000055510
                                      MPI_Alltoall         46            8   0.0000053600
                                      MPI_Alltoall         47            8   0.0000055610
                                      MPI_Alltoall         48            8   0.0000051900
                                      MPI_Alltoall         49            8   0.0000069130
                                     MPI_Allreduce          0            8   0.0001159500
                                     MPI_Allreduce          1            8   0.0000030360
                                     MPI_Allreduce          2            8   0.0000031860
                                     MPI_Allreduce          3            8   0.0000028750
                                     MPI_Allreduce          4            8   0.0000029950
                                     MPI_Allreduce          5            8   0.0000028760
                                     MPI_Allreduce          6            8   0.0000028750
                                     MPI_Allreduce          7            8   0.0000031460
                                     MPI_Allreduce          8            8   0.0000031960
                                     MPI_Allreduce          9            8   0.0000024440
                                     MPI_Allreduce         10            8   0.0000030050
                                     MPI_Allreduce         11            8   0.0000029450
                                     MPI_Allreduce         12            8   0.0000027660
                                     MPI_Allreduce         13            8   0.0000027350
                                     MPI_Allreduce         14            8   0.0000032870
                                     MPI_Allreduce         15            8   0.0000031560
                                     MPI_Allreduce         16            8   0.0000027960
                                     MPI_Allreduce         17            8   0.0000030560
                                     MPI_Allreduce         18            8   0.0000030060
                                     MPI_Allreduce         19            8   0.0000030460
                                     MPI_Allreduce         20            8   0.0000031560
                                     MPI_Allreduce         21            8   0.0000030060
                                     MPI_Allreduce         22            8   0.0000027750
                                     MPI_Allreduce         23            8   0.0000032870
                                     MPI_Allreduce         24            8   0.0000028750
                                     MPI_Allreduce         25            8   0.0000031060
                                     MPI_Allreduce         26            8   0.0000026150
                                     MPI_Allreduce         27            8   0.0000028650
                                     MPI_Allreduce         28            8   0.0000028650
                                     MPI_Allreduce         29            8   0.0000026150
                                     MPI_Allreduce         30            8   0.0000028650
                                     MPI_Allreduce         31            8   0.0000029960
                                     MPI_Allreduce         32            8   0.0000031460
                                     MPI_Allreduce         33            8   0.0000027450
                                     MPI_Allreduce         34            8   0.0000027760
                                     MPI_Allreduce         35            8   0.0000025540
                                     MPI_Allreduce         36            8   0.0000027650
                                     MPI_Allreduce         37            8   0.0000029950
                                     MPI_Allreduce         38            8   0.0000026050
                                     MPI_Allreduce         39            8   0.0000026250
                                     MPI_Allreduce         40            8   0.0000030460
                                     MPI_Allreduce         41            8   0.0000026450
                                     MPI_Allreduce         42            8   0.0000028550
                                     MPI_Allreduce         43            8   0.0000027550
                                     MPI_Allreduce         44            8   0.0000032260
                                     MPI_Allreduce         45            8   0.0000027750
                                     MPI_Allreduce         46            8   0.0000029460
                                     MPI_Allreduce         47            8   0.0000029160
                                     MPI_Allreduce         48            8   0.0000026050
                                     MPI_Allreduce         49            8   0.0000029250
                                         MPI_Bcast          0         1024   0.0000102500
                                         MPI_Bcast          1         1024   0.0000040180
                                         MPI_Bcast          2         1024   0.0000031360
                                         MPI_Bcast          3         1024   0.0000032560
                                         MPI_Bcast          4         1024   0.0000031860
                                         MPI_Bcast          5         1024   0.0000032960
                                         MPI_Bcast          6         1024   0.0000029350
                                         MPI_Bcast          7         1024   0.0000027350
                                         MPI_Bcast          8         1024   0.0000033470
                                         MPI_Bcast          9         1024   0.0000028060
                                         MPI_Bcast         10         1024   0.0000030860
                                         MPI_Bcast         11         1024   0.0000029760
                                         MPI_Bcast         12         1024   0.0000031870
                                         MPI_Bcast         13         1024   0.0000030160
                                         MPI_Bcast         14         1024   0.0000033760
                                         MPI_Bcast         15         1024   0.0000027350
                                         MPI_Bcast         16         1024   0.0000026250
                                         MPI_Bcast         17         1024   0.0000029960
                                         MPI_Bcast         18         1024   0.0000030360
                                         MPI_Bcast         19         1024   0.0000028760
                                         MPI_Bcast         20         1024   0.0000028550
                                         MPI_Bcast         21         1024   0.0000031660
                                         MPI_Bcast         22         1024   0.0000028250
                                         MPI_Bcast         23         1024   0.0000032060
                                         MPI_Bcast         24         1024   0.0000028660
                                         MPI_Bcast         25         1024   0.0000028750
                                         MPI_Bcast         26         1024   0.0000028350
                                         MPI_Bcast         27         1024   0.0000048690
                                         MPI_Bcast         28         1024   0.0000030050
                                         MPI_Bcast         29         1024   0.0000031760
                                         MPI_Bcast         30         1024   0.0000033570
                                         MPI_Bcast         31         1024   0.0000030460
                                         MPI_Bcast         32         1024   0.0000030460
                                         MPI_Bcast         33         1024   0.0000029960
                                         MPI_Bcast         34         1024   0.0000033570
                                         MPI_Bcast         35         1024   0.0000028650
                                         MPI_Bcast         36         1024   0.0000031060
                                         MPI_Bcast         37         1024   0.0000031260
                                         MPI_Bcast         38         1024   0.0000033870
                                         MPI_Bcast         39         1024   0.0000033760
                                         MPI_Bcast         40         1024   0.0000031960
                                         MPI_Bcast         41         1024   0.0000028760
                                         MPI_Bcast         42         1024   0.0000029460
                                         MPI_Bcast         43         1024   0.0000028960
                                         MPI_Bcast         44         1024   0.0000035270
                                         MPI_Bcast         45         1024   0.0000028960
                                         MPI_Bcast         46         1024   0.0000028360
                                         MPI_Bcast         47         1024   0.0000029760
                                         MPI_Bcast         48         1024   0.0000028650
                                         MPI_Bcast         49         1024   0.0000029550
                                      MPI_Alltoall          0         1024   0.0000085060
                                      MPI_Alltoall          1         1024   0.0000071430
                                      MPI_Alltoall          2         1024   0.0000072240
                                      MPI_Alltoall          3         1024   0.0000066330
                                      MPI_Alltoall          4         1024   0.0000069740
                                      MPI_Alltoall          5         1024   0.0000069130
                                      MPI_Alltoall          6         1024   0.0000070830
                                      MPI_Alltoall          7         1024   0.0000069140
                                      MPI_Alltoall          8         1024   0.0000066930
                                      MPI_Alltoall          9         1024   0.0000068430
                                      MPI_Alltoall         10         1024   0.0000067620
                                      MPI_Alltoall         11         1024   0.0000064620
                                      MPI_Alltoall         12         1024   0.0000067830
                                      MPI_Alltoall         13         1024   0.0000069430
                                      MPI_Alltoall         14         1024   0.0000071340
                                      MPI_Alltoall         15         1024   0.0000066230
                                      MPI_Alltoall         16         1024   0.0000071330
                                      MPI_Alltoall         17         1024   0.0000067530
                                      MPI_Alltoall         18         1024   0.0000068330
                                      MPI_Alltoall         19         1024   0.0000067730
                                      MPI_Alltoall         20         1024   0.0000066530
                                      MPI_Alltoall         21         1024   0.0000067230
                                      MPI_Alltoall         22         1024   0.0000068230
                                      MPI_Alltoall         23         1024   0.0000066320
                                      MPI_Alltoall         24         1024   0.0000069430
                                      MPI_Alltoall         25         1024   0.0000068230
                                      MPI_Alltoall         26         1024   0.0000065120
                                      MPI_Alltoall         27         1024   0.0000066530
                                      MPI_Alltoall         28         1024   0.0000069530
                                      MPI_Alltoall         29         1024   0.0000066020
                                      MPI_Alltoall         30         1024   0.0000066430
                                      MPI_Alltoall         31         1024   0.0000069030
                                      MPI_Alltoall         32         1024   0.0000065930
                                      MPI_Alltoall         33         1024   0.0000066730
                                      MPI_Alltoall         34         1024   0.0000069040
                                      MPI_Alltoall         35         1024   0.0000067230
                                      MPI_Alltoall         36         1024   0.0000067020
                                      MPI_Alltoall         37         1024   0.0000065420
                                      MPI_Alltoall         38         1024   0.0000069630
                                      MPI_Alltoall         39         1024   0.0000066830
                                      MPI_Alltoall         40         1024   0.0000071030
                                      MPI_Alltoall         41         1024   0.0000067630
                                      MPI_Alltoall         42         1024   0.0000067230
                                      MPI_Alltoall         43         1024   0.0000069140
                                      MPI_Alltoall         44         1024   0.0000069130
                                      MPI_Alltoall         45         1024   0.0000067730
                                      MPI_Alltoall         46         1024   0.0000098290
                                      MPI_Alltoall         47         1024   0.0000066830
                                      MPI_Alltoall         48         1024   0.0000070530
                                      MPI_Alltoall         49         1024   0.0000072140
                                     MPI_Allreduce          0         1024   0.0000090880
                                     MPI_Allreduce          1         1024   0.0000088560
                                     MPI_Allreduce          2         1024   0.0000085360
                                     MPI_Allreduce          3         1024   0.0000084360
                                     MPI_Allreduce          4         1024   0.0000084160
                                     MPI_Allreduce          5         1024   0.0000083460
                                     MPI_Allreduce          6         1024   0.0000083060
                                     MPI_Allreduce          7         1024   0.0000085970
                                     MPI_Allreduce          8         1024   0.0000083960
                                     MPI_Allreduce          9         1024   0.0000088860
                                     MPI_Allreduce         10         1024   0.0000077850
                                     MPI_Allreduce         11         1024   0.0000084560
                                     MPI_Allreduce         12         1024   0.0000086460
                                     MPI_Allreduce         13         1024   0.0000083960
                                     MPI_Allreduce         14         1024   0.0000086260
                                     MPI_Allreduce         15         1024   0.0000089270
                                     MPI_Allreduce         16         1024   0.0000083960
                                     MPI_Allreduce         17         1024   0.0000088170
                                     MPI_Allreduce         18         1024   0.0000080760
                                     MPI_Allreduce         19         1024   0.0000088370
                                     MPI_Allreduce         20         1024   0.0000087770
                                     MPI_Allreduce         21         1024   0.0000086770
                                     MPI_Allreduce         22         1024   0.0000087960
                                     MPI_Allreduce         23         1024   0.0000087260
                                     MPI_Allreduce         24         1024   0.0000081360
                                     MPI_Allreduce         25         1024   0.0000084760
                                     MPI_Allreduce         26         1024   0.0000081750
                                     MPI_Allreduce         27         1024   0.0000084660
                                     MPI_Allreduce         28         1024   0.0000088160
                                     MPI_Allreduce         29         1024   0.0000085060
                                     MPI_Allreduce         30         1024   0.0000083960
                                     MPI_Allreduce         31         1024   0.0000086060
                                     MPI_Allreduce         32         1024   0.0000084460
                                     MPI_Allreduce         33         1024   0.0000084060
                                     MPI_Allreduce         34         1024   0.0000088470
                                     MPI_Allreduce         35         1024   0.0000087060
                                     MPI_Allreduce         36         1024   0.0000085960
                                     MPI_Allreduce         37         1024   0.0000088170
                                     MPI_Allreduce         38         1024   0.0000085460
                                     MPI_Allreduce         39         1024   0.0000084960
                                     MPI_Allreduce         40         1024   0.0000087970
                                     MPI_Allreduce         41         1024   0.0000082160
                                     MPI_Allreduce         42         1024   0.0000082960
                                     MPI_Allreduce         43         1024   0.0000084160
                                     MPI_Allreduce         44         1024   0.0000084670
                                     MPI_Allreduce         45         1024   0.0000085370
                                     MPI_Allreduce         46         1024   0.0000084460
                                     MPI_Allreduce         47         1024   0.0000084760
                                     MPI_Allreduce         48         1024   0.0000086860
                                     MPI_Allreduce         49         1024   0.0000083260
                                         MPI_Bcast          0         2048   0.0000058010
                                         MPI_Bcast          1         2048   0.0000047290
                                         MPI_Bcast          2         2048   0.0000042680
                                         MPI_Bcast          3         2048   0.0000045290
                                         MPI_Bcast          4         2048   0.0000046490
                                         MPI_Bcast          5         2048   0.0000044880
                                         MPI_Bcast          6         2048   0.0000045790
                                         MPI_Bcast          7         2048   0.0000044090
                                         MPI_Bcast          8         2048   0.0000048490
                                         MPI_Bcast          9         2048   0.0000045580
                                         MPI_Bcast         10         2048   0.0000042080
                                         MPI_Bcast         11         2048   0.0000042080
                                         MPI_Bcast         12         2048   0.0000045580
                                         MPI_Bcast         13         2048   0.0000040780
                                         MPI_Bcast         14         2048   0.0000040570
                                         MPI_Bcast         15         2048   0.0000043680
                                         MPI_Bcast         16         2048   0.0000047190
                                         MPI_Bcast         17         2048   0.0000044680
                                         MPI_Bcast         18         2048   0.0000041580
                                         MPI_Bcast         19         2048   0.0000042180
                                         MPI_Bcast         20         2048   0.0000044580
                                         MPI_Bcast         21         2048   0.0000046590
                                         MPI_Bcast         22         2048   0.0000043780
                                         MPI_Bcast         23         2048   0.0000044080
                                         MPI_Bcast         24         2048   0.0000038680
                                         MPI_Bcast         25         2048   0.0000040680
                                         MPI_Bcast         26         2048   0.0000046590
                                         MPI_Bcast         27         2048   0.0000047990
                                         MPI_Bcast         28         2048   0.0000041080
                                         MPI_Bcast         29         2048   0.0000037080
                                         MPI_Bcast         30         2048   0.0000052200
                                         MPI_Bcast         31         2048   0.0000048490
                                         MPI_Bcast         32         2048   0.0000046890
                                         MPI_Bcast         33         2048   0.0000042180
                                         MPI_Bcast         34         2048   0.0000046490
                                         MPI_Bcast         35         2048   0.0000043990
                                         MPI_Bcast         36         2048   0.0000046080
                                         MPI_Bcast         37         2048   0.0000047490
                                         MPI_Bcast         38         2048   0.0000039270
                                         MPI_Bcast         39         2048   0.0000047080
                                         MPI_Bcast         40         2048   0.0000038670
                                         MPI_Bcast         41         2048   0.0000042480
                                         MPI_Bcast         42         2048   0.0000049490
                                         MPI_Bcast         43         2048   0.0000042080
                                         MPI_Bcast         44         2048   0.0000045190
                                         MPI_Bcast         45         2048   0.0000044790
                                         MPI_Bcast         46         2048   0.0000044280
                                         MPI_Bcast         47         2048   0.0000042380
                                         MPI_Bcast         48         2048   0.0000045680
                                         MPI_Bcast         49         2048   0.0000043880
                                      MPI_Alltoall          0         2048   0.0000102700
                                      MPI_Alltoall          1         2048   0.0000093880
                                      MPI_Alltoall          2         2048   0.0000092070
                                      MPI_Alltoall          3         2048   0.0000089070
                                      MPI_Alltoall          4         2048   0.0000089780
                                      MPI_Alltoall          5         2048   0.0000090370
                                      MPI_Alltoall          6         2048   0.0000087060
                                      MPI_Alltoall          7         2048   0.0000087470
                                      MPI_Alltoall          8         2048   0.0000088370
                                      MPI_Alltoall          9         2048   0.0000090570
                                      MPI_Alltoall         10         2048   0.0000087170
                                      MPI_Alltoall         11         2048   0.0000089470
                                      MPI_Alltoall         12         2048   0.0000087060
                                      MPI_Alltoall         13         2048   0.0000086670
                                      MPI_Alltoall         14         2048   0.0000085470
                                      MPI_Alltoall         15         2048   0.0000084560
                                      MPI_Alltoall         16         2048   0.0000081560
                                      MPI_Alltoall         17         2048   0.0000085360
                                      MPI_Alltoall         18         2048   0.0000082660
                                      MPI_Alltoall         19         2048   0.0000092080
                                      MPI_Alltoall         20         2048   0.0000085260
                                      MPI_Alltoall         21         2048   0.0000084060
                                      MPI_Alltoall         22         2048   0.0000083660
                                      MPI_Alltoall         23         2048   0.0000084760
                                      MPI_Alltoall         24         2048   0.0000086270
                                      MPI_Alltoall         25         2048   0.0000085860
                                      MPI_Alltoall         26         2048   0.0000084260
                                      MPI_Alltoall         27         2048   0.0000084060
                                      MPI_Alltoall         28         2048   0.0000083960
                                      MPI_Alltoall         29         2048   0.0000081460
                                      MPI_Alltoall         30         2048   0.0000084960
                                      MPI_Alltoall         31         2048   0.0000085470
                                      MPI_Alltoall         32         2048   0.0000085360
                                      MPI_Alltoall         33         2048   0.0000083860
                                      MPI_Alltoall         34         2048   0.0000085160
                                      MPI_Alltoall         35         2048   0.0000082760
                                      MPI_Alltoall         36         2048   0.0000083460
                                      MPI_Alltoall         37         2048   0.0000087870
                                      MPI_Alltoall         38         2048   0.0000087270
                                      MPI_Alltoall         39         2048   0.0000084060
                                      MPI_Alltoall         40         2048   0.0000084050
                                      MPI_Alltoall         41         2048   0.0000089770
                                      MPI_Alltoall         42         2048   0.0000081650
                                      MPI_Alltoall         43         2048   0.0000083360
                                      MPI_Alltoall         44         2048   0.0000079850
                                      MPI_Alltoall         45         2048   0.0000092770
                                      MPI_Alltoall         46         2048   0.0000083660
                                      MPI_Alltoall         47         2048   0.0000076950
                                      MPI_Alltoall         48         2048   0.0000077050
                                      MPI_Alltoall         49         2048   0.0000083860
                                     MPI_Allreduce          0         2048   0.0000099090
                                     MPI_Allreduce          1         2048   0.0000095780
                                     MPI_Allreduce          2         2048   0.0000093580
                                     MPI_Allreduce          3         2048   0.0000096490
                                     MPI_Allreduce          4         2048   0.0000091170
                                     MPI_Allreduce          5         2048   0.0000091680
                                     MPI_Allreduce          6         2048   0.0000088570
                                     MPI_Allreduce          7         2048   0.0000090170
                                     MPI_Allreduce          8         2048   0.0000089570
                                     MPI_Allreduce          9         2048   0.0000092180
                                     MPI_Allreduce         10         2048   0.0000089070
                                     MPI_Allreduce         11         2048   0.0000093080
                                     MPI_Allreduce         12         2048   0.0000090770
                                     MPI_Allreduce         13         2048   0.0000093380
                                     MPI_Allreduce         14         2048   0.0000090780
                                     MPI_Allreduce         15         2048   0.0000090370
                                     MPI_Allreduce         16         2048   0.0000087570
                                     MPI_Allreduce         17         2048   0.0000091170
                                     MPI_Allreduce         18         2048   0.0000089170
                                     MPI_Allreduce         19         2048   0.0000090780
                                     MPI_Allreduce         20         2048   0.0000094880
                                     MPI_Allreduce         21         2048   0.0000091180
                                     MPI_Allreduce         22         2048   0.0000093080
                                     MPI_Allreduce         23         2048   0.0000095480
                                     MPI_Allreduce         24         2048   0.0000094280
                                     MPI_Allreduce         25         2048   0.0000094080
                                     MPI_Allreduce         26         2048   0.0000092270
                                     MPI_Allreduce         27         2048   0.0000088370
                                     MPI_Allreduce         28         2048   0.0000096280
                                     MPI_Allreduce         29         2048   0.0000095890
                                     MPI_Allreduce         30         2048   0.0000095280
                                     MPI_Allreduce         31         2048   0.0000092770
                                     MPI_Allreduce         32         2048   0.0000092480
                                     MPI_Allreduce         33         2048   0.0000092170
                                     MPI_Allreduce         34         2048   0.0000090470
                                     MPI_Allreduce         35         2048   0.0000091170
                                     MPI_Allreduce         36         2048   0.0000092270
                                     MPI_Allreduce         37         2048   0.0000088670
                                     MPI_Allreduce         38         2048   0.0000092270
                                     MPI_Allreduce         39         2048   0.0000090370
                                     MPI_Allreduce         40         2048   0.0000093370
                                     MPI_Allreduce         41         2048   0.0000094880
                                     MPI_Allreduce         42         2048   0.0000091270
                                     MPI_Allreduce         43         2048   0.0000096890
                                     MPI_Allreduce         44         2048   0.0000093980
                                     MPI_Allreduce         45         2048   0.0000094280
                                     MPI_Allreduce         46         2048   0.0000094280
                                     MPI_Allreduce         47         2048   0.0000092470
                                     MPI_Allreduce         48         2048   0.0000096490
                                     MPI_Allreduce         49         2048   0.0000094280
# Benchmark started at Wed Apr 15 18:51:13 2020
# Execution time: 0s
