#MPI calls:
#	MPI_Bcast
#	MPI_Alltoall
#	MPI_Allreduce
#Message sizes:
#	8
#	1024
#	2048
#@operation=MPI.Op(MPI.MPI_Op(0x00007f9158d1e080), nothing)
#@datatype=UInt8
#@nrep=50
#@root_proc=0
#@nprocs=6
                                              test       nrep        count    runtime_sec
                                         MPI_Bcast          1            8   0.0000086860
                                         MPI_Bcast          2            8   0.0000018030
                                         MPI_Bcast          3            8   0.0000063120
                                         MPI_Bcast          4            8   0.0000025550
                                         MPI_Bcast          5            8   0.0000041280
                                         MPI_Bcast          6            8   0.0000025450
                                         MPI_Bcast          7            8   0.0000023240
                                         MPI_Bcast          8            8   0.0000042480
                                         MPI_Bcast          9            8   0.0000019030
                                         MPI_Bcast         10            8   0.0000020840
                                         MPI_Bcast         11            8   0.0000018730
                                         MPI_Bcast         12            8   0.0000017130
                                         MPI_Bcast         13            8   0.0000013430
                                         MPI_Bcast         14            8   0.0000009310
                                         MPI_Bcast         15            8   0.0000028250
                                         MPI_Bcast         16            8   0.0000013430
                                         MPI_Bcast         17            8   0.0000016430
                                         MPI_Bcast         18            8   0.0000017040
                                         MPI_Bcast         19            8   0.0000017330
                                         MPI_Bcast         20            8   0.0000020040
                                         MPI_Bcast         21            8   0.0000016330
                                         MPI_Bcast         22            8   0.0000018430
                                         MPI_Bcast         23            8   0.0000016140
                                         MPI_Bcast         24            8   0.0000015630
                                         MPI_Bcast         25            8   0.0000018330
                                         MPI_Bcast         26            8   0.0000015530
                                         MPI_Bcast         27            8   0.0000018530
                                         MPI_Bcast         28            8   0.0000020240
                                         MPI_Bcast         29            8   0.0000017430
                                         MPI_Bcast         30            8   0.0000017130
                                         MPI_Bcast         31            8   0.0000016930
                                         MPI_Bcast         32            8   0.0000016330
                                         MPI_Bcast         33            8   0.0000018940
                                         MPI_Bcast         34            8   0.0000014530
                                         MPI_Bcast         35            8   0.0000017430
                                         MPI_Bcast         36            8   0.0000017930
                                         MPI_Bcast         37            8   0.0000015830
                                         MPI_Bcast         38            8   0.0000015430
                                         MPI_Bcast         39            8   0.0000021540
                                         MPI_Bcast         40            8   0.0000016330
                                         MPI_Bcast         41            8   0.0000018530
                                         MPI_Bcast         42            8   0.0000017730
                                         MPI_Bcast         43            8   0.0000017430
                                         MPI_Bcast         44            8   0.0000017840
                                         MPI_Bcast         45            8   0.0000017130
                                         MPI_Bcast         46            8   0.0000019340
                                         MPI_Bcast         47            8   0.0000012920
                                         MPI_Bcast         48            8   0.0000015530
                                         MPI_Bcast         49            8   0.0000016640
                                         MPI_Bcast         50            8   0.0000016130
                                      MPI_Alltoall          1            8   0.0000741910
                                      MPI_Alltoall          2            8   0.0000073640
                                      MPI_Alltoall          3            8   0.0000052200
                                      MPI_Alltoall          4            8   0.0000051490
                                      MPI_Alltoall          5            8   0.0000054510
                                      MPI_Alltoall          6            8   0.0000052300
                                      MPI_Alltoall          7            8   0.0000057910
                                      MPI_Alltoall          8            8   0.0000056110
                                      MPI_Alltoall          9            8   0.0000051900
                                      MPI_Alltoall         10            8   0.0000058620
                                      MPI_Alltoall         11            8   0.0000052400
                                      MPI_Alltoall         12            8   0.0000051500
                                      MPI_Alltoall         13            8   0.0000053600
                                      MPI_Alltoall         14            8   0.0000055410
                                      MPI_Alltoall         15            8   0.0000102200
                                      MPI_Alltoall         16            8   0.0000154200
                                      MPI_Alltoall         17            8   0.0000074340
                                      MPI_Alltoall         18            8   0.0000052100
                                      MPI_Alltoall         19            8   0.0000051200
                                      MPI_Alltoall         20            8   0.0000054900
                                      MPI_Alltoall         21            8   0.0000054710
                                      MPI_Alltoall         22            8   0.0000051500
                                      MPI_Alltoall         23            8   0.0000051900
                                      MPI_Alltoall         24            8   0.0000052200
                                      MPI_Alltoall         25            8   0.0000054900
                                      MPI_Alltoall         26            8   0.0000049790
                                      MPI_Alltoall         27            8   0.0000052800
                                      MPI_Alltoall         28            8   0.0000050790
                                      MPI_Alltoall         29            8   0.0000054810
                                      MPI_Alltoall         30            8   0.0000051100
                                      MPI_Alltoall         31            8   0.0000054900
                                      MPI_Alltoall         32            8   0.0000052200
                                      MPI_Alltoall         33            8   0.0000054500
                                      MPI_Alltoall         34            8   0.0000051400
                                      MPI_Alltoall         35            8   0.0000054100
                                      MPI_Alltoall         36            8   0.0000054110
                                      MPI_Alltoall         37            8   0.0000052400
                                      MPI_Alltoall         38            8   0.0000050600
                                      MPI_Alltoall         39            8   0.0000052800
                                      MPI_Alltoall         40            8   0.0000052400
                                      MPI_Alltoall         41            8   0.0000051400
                                      MPI_Alltoall         42            8   0.0000054000
                                      MPI_Alltoall         43            8   0.0000050600
                                      MPI_Alltoall         44            8   0.0000054910
                                      MPI_Alltoall         45            8   0.0000054000
                                      MPI_Alltoall         46            8   0.0000056810
                                      MPI_Alltoall         47            8   0.0000052400
                                      MPI_Alltoall         48            8   0.0000050690
                                      MPI_Alltoall         49            8   0.0000053200
                                      MPI_Alltoall         50            8   0.0000054610
                                     MPI_Allreduce          1            8   0.0000052900
                                     MPI_Allreduce          2            8   0.0000029660
                                     MPI_Allreduce          3            8   0.0000025550
                                     MPI_Allreduce          4            8   0.0000030060
                                     MPI_Allreduce          5            8   0.0000027650
                                     MPI_Allreduce          6            8   0.0000025450
                                     MPI_Allreduce          7            8   0.0000029460
                                     MPI_Allreduce          8            8   0.0000028260
                                     MPI_Allreduce          9            8   0.0000027650
                                     MPI_Allreduce         10            8   0.0000023740
                                     MPI_Allreduce         11            8   0.0000029760
                                     MPI_Allreduce         12            8   0.0000026450
                                     MPI_Allreduce         13            8   0.0000024040
                                     MPI_Allreduce         14            8   0.0000027760
                                     MPI_Allreduce         15            8   0.0000025950
                                     MPI_Allreduce         16            8   0.0000027760
                                     MPI_Allreduce         17            8   0.0000030560
                                     MPI_Allreduce         18            8   0.0000023650
                                     MPI_Allreduce         19            8   0.0000030560
                                     MPI_Allreduce         20            8   0.0000023750
                                     MPI_Allreduce         21            8   0.0000026450
                                     MPI_Allreduce         22            8   0.0000026650
                                     MPI_Allreduce         23            8   0.0000027860
                                     MPI_Allreduce         24            8   0.0000027860
                                     MPI_Allreduce         25            8   0.0000028950
                                     MPI_Allreduce         26            8   0.0000023540
                                     MPI_Allreduce         27            8   0.0000025140
                                     MPI_Allreduce         28            8   0.0000023740
                                     MPI_Allreduce         29            8   0.0000029060
                                     MPI_Allreduce         30            8   0.0000023640
                                     MPI_Allreduce         31            8   0.0000030860
                                     MPI_Allreduce         32            8   0.0000023450
                                     MPI_Allreduce         33            8   0.0000026650
                                     MPI_Allreduce         34            8   0.0000028260
                                     MPI_Allreduce         35            8   0.0000029460
                                     MPI_Allreduce         36            8   0.0000026960
                                     MPI_Allreduce         37            8   0.0000028160
                                     MPI_Allreduce         38            8   0.0000026450
                                     MPI_Allreduce         39            8   0.0000030160
                                     MPI_Allreduce         40            8   0.0000024250
                                     MPI_Allreduce         41            8   0.0000027650
                                     MPI_Allreduce         42            8   0.0000026550
                                     MPI_Allreduce         43            8   0.0000027350
                                     MPI_Allreduce         44            8   0.0000027050
                                     MPI_Allreduce         45            8   0.0000027750
                                     MPI_Allreduce         46            8   0.0000026250
                                     MPI_Allreduce         47            8   0.0000027950
                                     MPI_Allreduce         48            8   0.0000025750
                                     MPI_Allreduce         49            8   0.0000030260
                                     MPI_Allreduce         50            8   0.0000025540
                                         MPI_Bcast          1         1024   0.0000052700
                                         MPI_Bcast          2         1024   0.0000035170
                                         MPI_Bcast          3         1024   0.0000033870
                                         MPI_Bcast          4         1024   0.0000032770
                                         MPI_Bcast          5         1024   0.0000031260
                                         MPI_Bcast          6         1024   0.0000034860
                                         MPI_Bcast          7         1024   0.0000033960
                                         MPI_Bcast          8         1024   0.0000034070
                                         MPI_Bcast          9         1024   0.0000031660
                                         MPI_Bcast         10         1024   0.0000028160
                                         MPI_Bcast         11         1024   0.0000034360
                                         MPI_Bcast         12         1024   0.0000034170
                                         MPI_Bcast         13         1024   0.0000035270
                                         MPI_Bcast         14         1024   0.0000034370
                                         MPI_Bcast         15         1024   0.0000036170
                                         MPI_Bcast         16         1024   0.0000029960
                                         MPI_Bcast         17         1024   0.0000036170
                                         MPI_Bcast         18         1024   0.0000033260
                                         MPI_Bcast         19         1024   0.0000037880
                                         MPI_Bcast         20         1024   0.0000034870
                                         MPI_Bcast         21         1024   0.0000034960
                                         MPI_Bcast         22         1024   0.0000037270
                                         MPI_Bcast         23         1024   0.0000035760
                                         MPI_Bcast         24         1024   0.0000031060
                                         MPI_Bcast         25         1024   0.0000034660
                                         MPI_Bcast         26         1024   0.0000033560
                                         MPI_Bcast         27         1024   0.0000035660
                                         MPI_Bcast         28         1024   0.0000029950
                                         MPI_Bcast         29         1024   0.0000033460
                                         MPI_Bcast         30         1024   0.0000032660
                                         MPI_Bcast         31         1024   0.0000033060
                                         MPI_Bcast         32         1024   0.0000030960
                                         MPI_Bcast         33         1024   0.0000035170
                                         MPI_Bcast         34         1024   0.0000036170
                                         MPI_Bcast         35         1024   0.0000033960
                                         MPI_Bcast         36         1024   0.0000030760
                                         MPI_Bcast         37         1024   0.0000033360
                                         MPI_Bcast         38         1024   0.0000033260
                                         MPI_Bcast         39         1024   0.0000032260
                                         MPI_Bcast         40         1024   0.0000032760
                                         MPI_Bcast         41         1024   0.0000033460
                                         MPI_Bcast         42         1024   0.0000032570
                                         MPI_Bcast         43         1024   0.0000037270
                                         MPI_Bcast         44         1024   0.0000030160
                                         MPI_Bcast         45         1024   0.0000033060
                                         MPI_Bcast         46         1024   0.0000032260
                                         MPI_Bcast         47         1024   0.0000035760
                                         MPI_Bcast         48         1024   0.0000029350
                                         MPI_Bcast         49         1024   0.0000034060
                                         MPI_Bcast         50         1024   0.0000029760
                                      MPI_Alltoall          1         1024   0.0000097680
                                      MPI_Alltoall          2         1024   0.0000076940
                                      MPI_Alltoall          3         1024   0.0000071840
                                      MPI_Alltoall          4         1024   0.0000067230
                                      MPI_Alltoall          5         1024   0.0000069030
                                      MPI_Alltoall          6         1024   0.0000078040
                                      MPI_Alltoall          7         1024   0.0000066230
                                      MPI_Alltoall          8         1024   0.0000068430
                                      MPI_Alltoall          9         1024   0.0000068130
                                      MPI_Alltoall         10         1024   0.0000070940
                                      MPI_Alltoall         11         1024   0.0000070430
                                      MPI_Alltoall         12         1024   0.0000068730
                                      MPI_Alltoall         13         1024   0.0000069130
                                      MPI_Alltoall         14         1024   0.0000070130
                                      MPI_Alltoall         15         1024   0.0000066630
                                      MPI_Alltoall         16         1024   0.0000068930
                                      MPI_Alltoall         17         1024   0.0000065720
                                      MPI_Alltoall         18         1024   0.0000067120
                                      MPI_Alltoall         19         1024   0.0000068330
                                      MPI_Alltoall         20         1024   0.0000068930
                                      MPI_Alltoall         21         1024   0.0000066530
                                      MPI_Alltoall         22         1024   0.0000062820
                                      MPI_Alltoall         23         1024   0.0000084660
                                      MPI_Alltoall         24         1024   0.0000068030
                                      MPI_Alltoall         25         1024   0.0000066830
                                      MPI_Alltoall         26         1024   0.0000062010
                                      MPI_Alltoall         27         1024   0.0000067930
                                      MPI_Alltoall         28         1024   0.0000068630
                                      MPI_Alltoall         29         1024   0.0000062920
                                      MPI_Alltoall         30         1024   0.0000062220
                                      MPI_Alltoall         31         1024   0.0000063220
                                      MPI_Alltoall         32         1024   0.0000064520
                                      MPI_Alltoall         33         1024   0.0000062820
                                      MPI_Alltoall         34         1024   0.0000064330
                                      MPI_Alltoall         35         1024   0.0000063420
                                      MPI_Alltoall         36         1024   0.0000067830
                                      MPI_Alltoall         37         1024   0.0000066720
                                      MPI_Alltoall         38         1024   0.0000067230
                                      MPI_Alltoall         39         1024   0.0000067030
                                      MPI_Alltoall         40         1024   0.0000064630
                                      MPI_Alltoall         41         1024   0.0000062520
                                      MPI_Alltoall         42         1024   0.0000065520
                                      MPI_Alltoall         43         1024   0.0000065230
                                      MPI_Alltoall         44         1024   0.0000062420
                                      MPI_Alltoall         45         1024   0.0000064720
                                      MPI_Alltoall         46         1024   0.0000063720
                                      MPI_Alltoall         47         1024   0.0000065020
                                      MPI_Alltoall         48         1024   0.0000069440
                                      MPI_Alltoall         49         1024   0.0000060310
                                      MPI_Alltoall         50         1024   0.0000063320
                                     MPI_Allreduce          1         1024   0.0000093870
                                     MPI_Allreduce          2         1024   0.0000064120
                                     MPI_Allreduce          3         1024   0.0000058910
                                     MPI_Allreduce          4         1024   0.0000058310
                                     MPI_Allreduce          5         1024   0.0000062320
                                     MPI_Allreduce          6         1024   0.0000068130
                                     MPI_Allreduce          7         1024   0.0000058810
                                     MPI_Allreduce          8         1024   0.0000060320
                                     MPI_Allreduce          9         1024   0.0000068730
                                     MPI_Allreduce         10         1024   0.0000065630
                                     MPI_Allreduce         11         1024   0.0000061910
                                     MPI_Allreduce         12         1024   0.0000066530
                                     MPI_Allreduce         13         1024   0.0000064120
                                     MPI_Allreduce         14         1024   0.0000069230
                                     MPI_Allreduce         15         1024   0.0000061020
                                     MPI_Allreduce         16         1024   0.0000060520
                                     MPI_Allreduce         17         1024   0.0000058310
                                     MPI_Allreduce         18         1024   0.0000063520
                                     MPI_Allreduce         19         1024   0.0000061220
                                     MPI_Allreduce         20         1024   0.0000062520
                                     MPI_Allreduce         21         1024   0.0000059820
                                     MPI_Allreduce         22         1024   0.0000060110
                                     MPI_Allreduce         23         1024   0.0000055910
                                     MPI_Allreduce         24         1024   0.0000058310
                                     MPI_Allreduce         25         1024   0.0000062120
                                     MPI_Allreduce         26         1024   0.0000058410
                                     MPI_Allreduce         27         1024   0.0000057910
                                     MPI_Allreduce         28         1024   0.0000061720
                                     MPI_Allreduce         29         1024   0.0000060610
                                     MPI_Allreduce         30         1024   0.0000063220
                                     MPI_Allreduce         31         1024   0.0000058810
                                     MPI_Allreduce         32         1024   0.0000064830
                                     MPI_Allreduce         33         1024   0.0000063320
                                     MPI_Allreduce         34         1024   0.0000059310
                                     MPI_Allreduce         35         1024   0.0000060720
                                     MPI_Allreduce         36         1024   0.0000064730
                                     MPI_Allreduce         37         1024   0.0000068130
                                     MPI_Allreduce         38         1024   0.0000058810
                                     MPI_Allreduce         39         1024   0.0000063520
                                     MPI_Allreduce         40         1024   0.0000057310
                                     MPI_Allreduce         41         1024   0.0000061120
                                     MPI_Allreduce         42         1024   0.0000065030
                                     MPI_Allreduce         43         1024   0.0000066130
                                     MPI_Allreduce         44         1024   0.0000065620
                                     MPI_Allreduce         45         1024   0.0000058910
                                     MPI_Allreduce         46         1024   0.0000058510
                                     MPI_Allreduce         47         1024   0.0000065830
                                     MPI_Allreduce         48         1024   0.0000057110
                                     MPI_Allreduce         49         1024   0.0000060710
                                     MPI_Allreduce         50         1024   0.0000062720
                                         MPI_Bcast          1         2048   0.0000078950
                                         MPI_Bcast          2         2048   0.0000043780
                                         MPI_Bcast          3         2048   0.0000045390
                                         MPI_Bcast          4         2048   0.0000041480
                                         MPI_Bcast          5         2048   0.0000040980
                                         MPI_Bcast          6         2048   0.0000039780
                                         MPI_Bcast          7         2048   0.0000039870
                                         MPI_Bcast          8         2048   0.0000045180
                                         MPI_Bcast          9         2048   0.0000046790
                                         MPI_Bcast         10         2048   0.0000050290
                                         MPI_Bcast         11         2048   0.0000041780
                                         MPI_Bcast         12         2048   0.0000042880
                                         MPI_Bcast         13         2048   0.0000045590
                                         MPI_Bcast         14         2048   0.0000042880
                                         MPI_Bcast         15         2048   0.0000045180
                                         MPI_Bcast         16         2048   0.0000042880
                                         MPI_Bcast         17         2048   0.0000047090
                                         MPI_Bcast         18         2048   0.0000042780
                                         MPI_Bcast         19         2048   0.0000042080
                                         MPI_Bcast         20         2048   0.0000041580
                                         MPI_Bcast         21         2048   0.0000041180
                                         MPI_Bcast         22         2048   0.0000042280
                                         MPI_Bcast         23         2048   0.0000041980
                                         MPI_Bcast         24         2048   0.0000040680
                                         MPI_Bcast         25         2048   0.0000042880
                                         MPI_Bcast         26         2048   0.0000044090
                                         MPI_Bcast         27         2048   0.0000045790
                                         MPI_Bcast         28         2048   0.0000044580
                                         MPI_Bcast         29         2048   0.0000043180
                                         MPI_Bcast         30         2048   0.0000047990
                                         MPI_Bcast         31         2048   0.0000042880
                                         MPI_Bcast         32         2048   0.0000042580
                                         MPI_Bcast         33         2048   0.0000042580
                                         MPI_Bcast         34         2048   0.0000039580
                                         MPI_Bcast         35         2048   0.0000040580
                                         MPI_Bcast         36         2048   0.0000042890
                                         MPI_Bcast         37         2048   0.0000042780
                                         MPI_Bcast         38         2048   0.0000043590
                                         MPI_Bcast         39         2048   0.0000042180
                                         MPI_Bcast         40         2048   0.0000043280
                                         MPI_Bcast         41         2048   0.0000043980
                                         MPI_Bcast         42         2048   0.0000039970
                                         MPI_Bcast         43         2048   0.0000038670
                                         MPI_Bcast         44         2048   0.0000042880
                                         MPI_Bcast         45         2048   0.0000043480
                                         MPI_Bcast         46         2048   0.0000042580
                                         MPI_Bcast         47         2048   0.0000044390
                                         MPI_Bcast         48         2048   0.0000041980
                                         MPI_Bcast         49         2048   0.0000042480
                                         MPI_Bcast         50         2048   0.0000038170
                                      MPI_Alltoall          1         2048   0.0000105800
                                      MPI_Alltoall          2         2048   0.0000087370
                                      MPI_Alltoall          3         2048   0.0000085060
                                      MPI_Alltoall          4         2048   0.0000085460
                                      MPI_Alltoall          5         2048   0.0000087270
                                      MPI_Alltoall          6         2048   0.0000081250
                                      MPI_Alltoall          7         2048   0.0000082160
                                      MPI_Alltoall          8         2048   0.0000084960
                                      MPI_Alltoall          9         2048   0.0000103400
                                      MPI_Alltoall         10         2048   0.0000083250
                                      MPI_Alltoall         11         2048   0.0000083360
                                      MPI_Alltoall         12         2048   0.0000083560
                                      MPI_Alltoall         13         2048   0.0000083560
                                      MPI_Alltoall         14         2048   0.0000086770
                                      MPI_Alltoall         15         2048   0.0000078250
                                      MPI_Alltoall         16         2048   0.0000081960
                                      MPI_Alltoall         17         2048   0.0000079750
                                      MPI_Alltoall         18         2048   0.0000081450
                                      MPI_Alltoall         19         2048   0.0000081750
                                      MPI_Alltoall         20         2048   0.0000083060
                                      MPI_Alltoall         21         2048   0.0000081750
                                      MPI_Alltoall         22         2048   0.0000084060
                                      MPI_Alltoall         23         2048   0.0000084260
                                      MPI_Alltoall         24         2048   0.0000080050
                                      MPI_Alltoall         25         2048   0.0000084360
                                      MPI_Alltoall         26         2048   0.0000080750
                                      MPI_Alltoall         27         2048   0.0000081160
                                      MPI_Alltoall         28         2048   0.0000082960
                                      MPI_Alltoall         29         2048   0.0000079850
                                      MPI_Alltoall         30         2048   0.0000082360
                                      MPI_Alltoall         31         2048   0.0000084960
                                      MPI_Alltoall         32         2048   0.0000085170
                                      MPI_Alltoall         33         2048   0.0000086260
                                      MPI_Alltoall         34         2048   0.0000084760
                                      MPI_Alltoall         35         2048   0.0000080560
                                      MPI_Alltoall         36         2048   0.0000083260
                                      MPI_Alltoall         37         2048   0.0000083260
                                      MPI_Alltoall         38         2048   0.0000079550
                                      MPI_Alltoall         39         2048   0.0000080850
                                      MPI_Alltoall         40         2048   0.0000081650
                                      MPI_Alltoall         41         2048   0.0000087070
                                      MPI_Alltoall         42         2048   0.0000085060
                                      MPI_Alltoall         43         2048   0.0000084860
                                      MPI_Alltoall         44         2048   0.0000084660
                                      MPI_Alltoall         45         2048   0.0000081060
                                      MPI_Alltoall         46         2048   0.0000082950
                                      MPI_Alltoall         47         2048   0.0000088570
                                      MPI_Alltoall         48         2048   0.0000090170
                                      MPI_Alltoall         49         2048   0.0000083150
                                      MPI_Alltoall         50         2048   0.0000091370
                                     MPI_Allreduce          1         2048   0.0000133960
                                     MPI_Allreduce          2         2048   0.0000119330
                                     MPI_Allreduce          3         2048   0.0000120430
                                     MPI_Allreduce          4         2048   0.0000101090
                                     MPI_Allreduce          5         2048   0.0000100090
                                     MPI_Allreduce          6         2048   0.0000102600
                                     MPI_Allreduce          7         2048   0.0000102190
                                     MPI_Allreduce          8         2048   0.0000100900
                                     MPI_Allreduce          9         2048   0.0000102300
                                     MPI_Allreduce         10         2048   0.0000103900
                                     MPI_Allreduce         11         2048   0.0000105810
                                     MPI_Allreduce         12         2048   0.0000100600
                                     MPI_Allreduce         13         2048   0.0000102390
                                     MPI_Allreduce         14         2048   0.0000101000
                                     MPI_Allreduce         15         2048   0.0000103490
                                     MPI_Allreduce         16         2048   0.0000100590
                                     MPI_Allreduce         17         2048   0.0000099390
                                     MPI_Allreduce         18         2048   0.0000104090
                                     MPI_Allreduce         19         2048   0.0000105200
                                     MPI_Allreduce         20         2048   0.0000101790
                                     MPI_Allreduce         21         2048   0.0000105000
                                     MPI_Allreduce         22         2048   0.0000102390
                                     MPI_Allreduce         23         2048   0.0000115620
                                     MPI_Allreduce         24         2048   0.0000106000
                                     MPI_Allreduce         25         2048   0.0000098780
                                     MPI_Allreduce         26         2048   0.0000099690
                                     MPI_Allreduce         27         2048   0.0000103300
                                     MPI_Allreduce         28         2048   0.0000100190
                                     MPI_Allreduce         29         2048   0.0000098390
                                     MPI_Allreduce         30         2048   0.0000101190
                                     MPI_Allreduce         31         2048   0.0000099080
                                     MPI_Allreduce         32         2048   0.0000099990
                                     MPI_Allreduce         33         2048   0.0000100690
                                     MPI_Allreduce         34         2048   0.0000095580
                                     MPI_Allreduce         35         2048   0.0000097180
                                     MPI_Allreduce         36         2048   0.0000095990
                                     MPI_Allreduce         37         2048   0.0000100090
                                     MPI_Allreduce         38         2048   0.0000100490
                                     MPI_Allreduce         39         2048   0.0000095280
                                     MPI_Allreduce         40         2048   0.0000103290
                                     MPI_Allreduce         41         2048   0.0000098480
                                     MPI_Allreduce         42         2048   0.0000101900
                                     MPI_Allreduce         43         2048   0.0000131850
                                     MPI_Allreduce         44         2048   0.0000101690
                                     MPI_Allreduce         45         2048   0.0000095680
                                     MPI_Allreduce         46         2048   0.0000079650
                                     MPI_Allreduce         47         2048   0.0000083960
                                     MPI_Allreduce         48         2048   0.0000081060
                                     MPI_Allreduce         49         2048   0.0000082560
                                     MPI_Allreduce         50         2048   0.0000081450
